<?xml version="1.0" encoding="UTF-8"?>
<testng-results ignored="0" total="1" passed="1" failed="0" skipped="0">
  <reporter-output>
  </reporter-output>
  <suite started-at="2022-02-19T16:30:00 IST" name="annular Suite" finished-at="2022-02-19T16:30:27 IST" duration-ms="27528">
    <groups>
      <group name="cucumber">
        <method signature="AbstractTestNGCucumberTests.runScenario(cucumber.api.testng.PickleEventWrapper, cucumber.api.testng.CucumberFeatureWrapper)[pri:0, instance:com.annular.testrunners.TC_534@ea6147e]" name="runScenario" class="cucumber.api.testng.AbstractTestNGCucumberTests"/>
      </group> <!-- cucumber -->
    </groups>
    <test started-at="2022-02-19T16:30:00 IST" name="Run All Tests in Google Chrome" finished-at="2022-02-19T16:30:27 IST" duration-ms="27528">
      <class name="com.annular.testrunners.TC_534">
        <test-method is-config="true" signature="setUp()[pri:0, instance:com.annular.testrunners.TC_534@ea6147e]" started-at="2022-02-19T16:30:00 IST" name="setUp" finished-at="2022-02-19T16:30:00 IST" duration-ms="84" status="PASS">
          <reporter-output>
          </reporter-output>
        </test-method> <!-- setUp -->
        <test-method is-config="true" signature="setUpClass()[pri:0, instance:com.annular.testrunners.TC_534@ea6147e]" started-at="2022-02-19T16:30:00 IST" name="setUpClass" finished-at="2022-02-19T16:30:00 IST" duration-ms="729" status="PASS">
          <reporter-output>
          </reporter-output>
        </test-method> <!-- setUpClass -->
        <test-method is-config="true" signature="setUp(java.lang.String, java.lang.String, java.lang.String)[pri:0, instance:com.annular.testrunners.TC_534@ea6147e]" started-at="2022-02-19T16:30:00 IST" name="setUp" finished-at="2022-02-19T16:30:00 IST" duration-ms="10" status="PASS">
          <params>
            <param index="0">
              <value>
                <![CDATA[chrome]]>
              </value>
            </param>
            <param index="1">
              <value>
                <![CDATA[91.0]]>
              </value>
            </param>
            <param index="2">
              <value>
                <![CDATA[false]]>
              </value>
            </param>
          </params>
          <reporter-output>
          </reporter-output>
        </test-method> <!-- setUp -->
        <test-method is-config="true" signature="beforemethod()[pri:0, instance:com.annular.testrunners.TC_534@ea6147e]" started-at="2022-02-19T16:30:01 IST" name="beforemethod" finished-at="2022-02-19T16:30:01 IST" duration-ms="192" status="PASS">
          <reporter-output>
          </reporter-output>
        </test-method> <!-- beforemethod -->
        <test-method signature="runScenario(cucumber.api.testng.PickleEventWrapper, cucumber.api.testng.CucumberFeatureWrapper)[pri:0, instance:com.annular.testrunners.TC_534@ea6147e]" started-at="2022-02-19T16:30:01 IST" name="runScenario" description="Runs Cucumber Scenarios" data-provider="scenarios" finished-at="2022-02-19T16:30:25 IST" duration-ms="24235" status="PASS">
          <params>
            <param index="0">
              <value>
                <![CDATA["verify address displayed in contactpage"]]>
              </value>
            </param>
            <param index="1">
              <value>
                <![CDATA["verify address displayed in contactpage"]]>
              </value>
            </param>
          </params>
          <reporter-output>
          </reporter-output>
        </test-method> <!-- runScenario -->
        <test-method is-config="true" signature="tearDown(org.testng.ITestResult)[pri:0, instance:com.annular.testrunners.TC_534@ea6147e]" started-at="2022-02-19T16:30:25 IST" name="tearDown" finished-at="2022-02-19T16:30:27 IST" duration-ms="1879" status="PASS">
          <params>
            <param index="0">
              <value>
                <![CDATA[[TestResult name=runScenario status=SUCCESS method=AbstractTestNGCucumberTests.runScenario(cucumber.api.testng.PickleEventWrapper, cucumber.api.testng.CucumberFeatureWrapper)[pri:0, instance:com.annular.testrunners.TC_534@ea6147e] output={null}]]]>
              </value>
            </param>
          </params>
          <reporter-output>
          </reporter-output>
        </test-method> <!-- tearDown -->
        <test-method is-config="true" signature="tearDownClass()[pri:0, instance:com.annular.testrunners.TC_534@ea6147e]" started-at="2022-02-19T16:30:27 IST" name="tearDownClass" finished-at="2022-02-19T16:30:27 IST" duration-ms="233" status="PASS">
          <reporter-output>
          </reporter-output>
        </test-method> <!-- tearDownClass -->
      </class> <!-- com.annular.testrunners.TC_534 -->
    </test> <!-- Run All Tests in Google Chrome -->
  </suite> <!-- annular Suite -->
</testng-results>
